09:06:23 **** Build of configuration Debug for project forkTest ****
make all 
Building file: ../main.c
Invoking: GCC C Compiler
gcc -O0 -g3 -Wall -c -fmessage-length=0 -MMD -MP -MF"main.d" -MT"main.o" -o "main.o" "../main.c"
../main.c:8:6: warning: return type of ‘main’ is not ‘int’ [-Wmain]
 void main(void)
      ^
Finished building: ../main.c
 
Building target: forkTest
Invoking: GCC C Linker
gcc  -o "forkTest"  ./main.o   
Finished building target: forkTest
 
09:06:37 **** Incremental Build of configuration Debug for project forkTest ****
make all 
make: Nothing to be done for `all'.
09:07:06 **** Incremental Build of configuration Debug for project forkTest ****
make all 
make: Nothing to be done for `all'.
09:07:35 **** Incremental Build of configuration Debug for project forkTest ****
make all 
Building file: ../main.c
Invoking: GCC C Compiler
gcc -O0 -g3 -Wall -c -fmessage-length=0 -MMD -MP -MF"main.d" -MT"main.o" -o "main.o" "../main.c"
../main.c:8:6: warning: return type of ‘main’ is not ‘int’ [-Wmain]
 void main(void)
      ^
Finished building: ../main.c
 
Building target: forkTest
Invoking: GCC C Linker
gcc  -o "forkTest"  ./main.o   
Finished building target: forkTest
 
09:08:12 **** Incremental Build of configuration Debug for project forkTest ****
make all 
Building file: ../main.c
Invoking: GCC C Compiler
gcc -O0 -g3 -Wall -c -fmessage-length=0 -MMD -MP -MF"main.d" -MT"main.o" -o "main.o" "../main.c"
../main.c:8:6: warning: return type of ‘main’ is not ‘int’ [-Wmain]
 void main(void)
      ^
Finished building: ../main.c
 
Building target: forkTest
Invoking: GCC C Linker
gcc  -o "forkTest"  ./main.o   
Finished building target: forkTest
 
09:08:39 **** Incremental Build of configuration Debug for project forkTest ****
make all 
Building file: ../main.c
Invoking: GCC C Compiler
gcc -O0 -g3 -Wall -c -fmessage-length=0 -MMD -MP -MF"main.d" -MT"main.o" -o "main.o" "../main.c"
../main.c:8:6: warning: return type of ‘main’ is not ‘int’ [-Wmain]
 void main(void)
      ^
Finished building: ../main.c
 
Building target: forkTest
Invoking: GCC C Linker
gcc  -o "forkTest"  ./main.o   
Finished building target: forkTest
 
09:08:57 **** Incremental Build of configuration Debug for project forkTest ****
make all 
Building file: ../main.c
Invoking: GCC C Compiler
gcc -O0 -g3 -Wall -c -fmessage-length=0 -MMD -MP -MF"main.d" -MT"main.o" -o "main.o" "../main.c"
../main.c:8:6: warning: return type of ‘main’ is not ‘int’ [-Wmain]
 void main(void)
      ^
Finished building: ../main.c
 
Building target: forkTest
Invoking: GCC C Linker
gcc  -o "forkTest"  ./main.o   
Finished building target: forkTest
 
